[debug] [2022-10-28T14:05:18.761Z] ----------------------------------------------------------------------
[debug] [2022-10-28T14:05:18.763Z] Command:       C:\Program Files\nodejs\node.exe C:\Users\Lab01R01Pc05\AppData\Roaming\npm\node_modules\firebase-tools\lib\bin\firebase.js init
[debug] [2022-10-28T14:05:18.763Z] CLI Version:   11.15.0
[debug] [2022-10-28T14:05:18.763Z] Platform:      win32
[debug] [2022-10-28T14:05:18.763Z] Node Version:  v16.16.0
[debug] [2022-10-28T14:05:18.764Z] Time:          Fri Oct 28 2022 19:05:18 GMT+0500 (Pakistan Standard Time)
[debug] [2022-10-28T14:05:18.764Z] ----------------------------------------------------------------------
[debug] 
[debug] [2022-10-28T14:05:18.823Z] > command requires scopes: ["email","openid","https://www.googleapis.com/auth/cloudplatformprojects.readonly","https://www.googleapis.com/auth/firebase","https://www.googleapis.com/auth/cloud-platform"]
[debug] [2022-10-28T14:05:18.823Z] > authorizing via signed-in user (zaidbinasim2197@gmail.com)
[info] 
     ######## #### ########  ######## ########     ###     ######  ########
     ##        ##  ##     ## ##       ##     ##  ##   ##  ##       ##
     ######    ##  ########  ######   ########  #########  ######  ######
     ##        ##  ##    ##  ##       ##     ## ##     ##       ## ##
     ##       #### ##     ## ######## ########  ##     ##  ######  ########

You're about to initialize a Firebase project in this directory:

  C:\Users\Lab01R01Pc05

Before we get started, keep in mind:

  * You are initializing within an existing Firebase project directory

[info] 
=== Project Setup
[info] 
[info] First, let's associate this project directory with a Firebase project.
[info] You can create multiple project aliases by running firebase use --add, 
[info] but for now we'll just set up a default project.
[info] 
[debug] [2022-10-28T14:05:27.149Z] Using project from CLI flag: react-cv-de147
[debug] [2022-10-28T14:05:27.151Z] >>> [apiv2][query] GET https://firebase.googleapis.com/v1beta1/projects/react-cv-de147 [none]
[debug] [2022-10-28T14:05:27.727Z] <<< [apiv2][status] GET https://firebase.googleapis.com/v1beta1/projects/react-cv-de147 403
[debug] [2022-10-28T14:05:27.727Z] <<< [apiv2][body] GET https://firebase.googleapis.com/v1beta1/projects/react-cv-de147 {"error":{"code":403,"message":"The caller does not have permission","status":"PERMISSION_DENIED"}}
[debug] [2022-10-28T14:05:27.728Z] HTTP Error: 403, The caller does not have permission
[debug] [2022-10-28T14:05:28.115Z] FirebaseError: HTTP Error: 403, The caller does not have permission
    at responseToError (C:\Users\Lab01R01Pc05\AppData\Roaming\npm\node_modules\firebase-tools\lib\responseToError.js:49:12)
    at RetryOperation._fn (C:\Users\Lab01R01Pc05\AppData\Roaming\npm\node_modules\firebase-tools\lib\apiv2.js:288:77)
    at processTicksAndRejections (node:internal/process/task_queues:96:5)
[error] 
[error] Error: Failed to get Firebase project react-cv-de147. Please make sure the project exists and your account has permission to access it.
